<?xml version="1.0" encoding="UTF-8"?>
<!-- Generated by org.testng.reporters.JUnitXMLReporter -->
<testsuite ignored="0" hostname="DESKTOP-CIHR3KA" failures="0" tests="6" name="Default test" time="0.088" errors="0" timestamp="2021-12-12T13:47:36 EST">
  <testcase classname="FirstProject.RestAPITest" name="RestAPILogin" time="0.006"/>
  <testcase classname="FirstProject.RestAPITest" name="RestAPILogout" time="0.001"/>
  <testcase classname="FirstProject.AppiumTest" name="AppiumLogin" time="0.002"/>
  <testcase classname="FirstProject.AppiumTest" name="AppiumLogout" time="0.002"/>
  <testcase classname="FirstProject.SeleniumTest" name="SeleniumLogin" time="0.001"/>
  <testcase classname="FirstProject.SeleniumTest" name="SeleniumLogout" time="0.001"/>
</testsuite> <!-- Default test -->
