<?xml version="1.0" encoding="UTF-8"?>
<!-- Generated by org.testng.reporters.JUnitXMLReporter -->
<testsuite ignored="0" hostname="DESKTOP-CIHR3KA" failures="0" tests="6" name="Command line test" time="0.038" errors="0" timestamp="2021-10-22T14:21:37 EDT">
  <testcase classname="FirstProject.AppiumTest" name="AppiumLogin" time="0.004"/>
  <testcase classname="FirstProject.AppiumTest" name="AppiumLogout" time="0.0"/>
  <testcase classname="FirstProject.RestAPITest" name="RestAPILogin" time="0.0"/>
  <testcase classname="FirstProject.RestAPITest" name="RestAPILogout" time="0.0"/>
  <testcase classname="FirstProject.SeleniumTest" name="SeleniumLogin" time="0.0"/>
  <testcase classname="FirstProject.SeleniumTest" name="SeleniumLogout" time="0.001"/>
</testsuite> <!-- Command line test -->
