<?xml version="1.0" encoding="UTF-8" ?>
<testsuite tests="6" failures="0" name="TestSuite" time="0.005" errors="0" skipped="0">
  <properties>
[...]
</properties>
  <testcase classname="FirstProject.AppiumTest" name="AppiumLogin" time="0.005"/>
  <testcase classname="FirstProject.AppiumTest" name="AppiumLogout" time="0"/>
  <testcase classname="FirstProject.RestAPITest" name="RestAPILogin" time="0"/>
  <testcase classname="FirstProject.RestAPITest" name="RestAPILogout" time="0"/>
  <testcase classname="FirstProject.SeleniumTest" name="SeleniumLogin" time="0"/>
  <testcase classname="FirstProject.SeleniumTest" name="SeleniumLogout" time="0"/>
</testsuite>