<?xml version="1.0" encoding="UTF-8"?>
<testng-results ignored="0" total="6" passed="6" failed="0" skipped="0">
  <reporter-output>
  </reporter-output>
  <suite started-at="2021-10-22T14:12:25 EDT" name="Suite" finished-at="2021-10-22T14:12:25 EDT" duration-ms="76">
    <groups>
    </groups>
    <test started-at="2021-10-22T14:12:25 EDT" name="Test" finished-at="2021-10-22T14:12:25 EDT" duration-ms="76">
      <class name="FirstProject.RestAPITest">
        <test-method signature="RestAPILogin()[pri:0, instance:FirstProject.RestAPITest@543588e6]" started-at="2021-10-22T14:12:25 EDT" name="RestAPILogin" finished-at="2021-10-22T14:12:25 EDT" duration-ms="1" status="PASS">
          <reporter-output>
          </reporter-output>
        </test-method> <!-- RestAPILogin -->
        <test-method signature="RestAPILogout()[pri:0, instance:FirstProject.RestAPITest@543588e6]" started-at="2021-10-22T14:12:25 EDT" name="RestAPILogout" finished-at="2021-10-22T14:12:25 EDT" duration-ms="2" status="PASS">
          <reporter-output>
          </reporter-output>
        </test-method> <!-- RestAPILogout -->
      </class> <!-- FirstProject.RestAPITest -->
      <class name="FirstProject.AppiumTest">
        <test-method signature="AppiumLogin()[pri:0, instance:FirstProject.AppiumTest@f5acb9d]" started-at="2021-10-22T14:12:25 EDT" name="AppiumLogin" finished-at="2021-10-22T14:12:25 EDT" duration-ms="2" status="PASS">
          <reporter-output>
          </reporter-output>
        </test-method> <!-- AppiumLogin -->
        <test-method signature="AppiumLogout()[pri:0, instance:FirstProject.AppiumTest@f5acb9d]" started-at="2021-10-22T14:12:25 EDT" name="AppiumLogout" finished-at="2021-10-22T14:12:25 EDT" duration-ms="2" status="PASS">
          <reporter-output>
          </reporter-output>
        </test-method> <!-- AppiumLogout -->
      </class> <!-- FirstProject.AppiumTest -->
      <class name="FirstProject.SeleniumTest">
        <test-method signature="SeleniumLogin()[pri:0, instance:FirstProject.SeleniumTest@28f2a10f]" started-at="2021-10-22T14:12:25 EDT" name="SeleniumLogin" finished-at="2021-10-22T14:12:25 EDT" duration-ms="9" status="PASS">
          <reporter-output>
          </reporter-output>
        </test-method> <!-- SeleniumLogin -->
        <test-method signature="SeleniumLogout()[pri:0, instance:FirstProject.SeleniumTest@28f2a10f]" started-at="2021-10-22T14:12:25 EDT" name="SeleniumLogout" finished-at="2021-10-22T14:12:25 EDT" duration-ms="4" status="PASS">
          <reporter-output>
          </reporter-output>
        </test-method> <!-- SeleniumLogout -->
      </class> <!-- FirstProject.SeleniumTest -->
    </test> <!-- Test -->
  </suite> <!-- Suite -->
</testng-results>
