<?xml version="1.0" encoding="UTF-8"?>
<testng-results ignored="0" total="6" passed="6" failed="0" skipped="0">
  <reporter-output>
  </reporter-output>
  <suite started-at="2021-12-12T13:47:36 EST" name="Default suite" finished-at="2021-12-12T13:47:36 EST" duration-ms="88">
    <groups>
    </groups>
    <test started-at="2021-12-12T13:47:36 EST" name="Default test" finished-at="2021-12-12T13:47:36 EST" duration-ms="88">
      <class name="FirstProject.RestAPITest">
        <test-method signature="RestAPILogin()[pri:0, instance:FirstProject.RestAPITest@28f2a10f]" started-at="2021-12-12T13:47:36 EST" name="RestAPILogin" finished-at="2021-12-12T13:47:36 EST" duration-ms="6" status="PASS">
          <reporter-output>
          </reporter-output>
        </test-method> <!-- RestAPILogin -->
        <test-method signature="RestAPILogout()[pri:0, instance:FirstProject.RestAPITest@28f2a10f]" started-at="2021-12-12T13:47:36 EST" name="RestAPILogout" finished-at="2021-12-12T13:47:36 EST" duration-ms="1" status="PASS">
          <reporter-output>
          </reporter-output>
        </test-method> <!-- RestAPILogout -->
      </class> <!-- FirstProject.RestAPITest -->
      <class name="FirstProject.AppiumTest">
        <test-method signature="AppiumLogin()[pri:0, instance:FirstProject.AppiumTest@543588e6]" started-at="2021-12-12T13:47:36 EST" name="AppiumLogin" finished-at="2021-12-12T13:47:36 EST" duration-ms="2" status="PASS">
          <reporter-output>
          </reporter-output>
        </test-method> <!-- AppiumLogin -->
        <test-method signature="AppiumLogout()[pri:0, instance:FirstProject.AppiumTest@543588e6]" started-at="2021-12-12T13:47:36 EST" name="AppiumLogout" finished-at="2021-12-12T13:47:36 EST" duration-ms="2" status="PASS">
          <reporter-output>
          </reporter-output>
        </test-method> <!-- AppiumLogout -->
      </class> <!-- FirstProject.AppiumTest -->
      <class name="FirstProject.SeleniumTest">
        <test-method signature="SeleniumLogin()[pri:0, instance:FirstProject.SeleniumTest@f5acb9d]" started-at="2021-12-12T13:47:36 EST" name="SeleniumLogin" finished-at="2021-12-12T13:47:36 EST" duration-ms="1" status="PASS">
          <reporter-output>
          </reporter-output>
        </test-method> <!-- SeleniumLogin -->
        <test-method signature="SeleniumLogout()[pri:0, instance:FirstProject.SeleniumTest@f5acb9d]" started-at="2021-12-12T13:47:36 EST" name="SeleniumLogout" finished-at="2021-12-12T13:47:36 EST" duration-ms="1" status="PASS">
          <reporter-output>
          </reporter-output>
        </test-method> <!-- SeleniumLogout -->
      </class> <!-- FirstProject.SeleniumTest -->
    </test> <!-- Default test -->
  </suite> <!-- Default suite -->
</testng-results>
